<?xml version="1.0" encoding="UTF-8"?>
<testng-results skipped="0" failed="0" ignored="0" total="1" passed="1">
  <reporter-output>
  </reporter-output>
  <suite name="Default suite" duration-ms="4423" started-at="2020-07-02T19:24:25 IST" finished-at="2020-07-02T19:24:30 IST">
    <groups>
    </groups>
    <test name="Default test" duration-ms="4423" started-at="2020-07-02T19:24:25 IST" finished-at="2020-07-02T19:24:30 IST">
      <class name="com.halodoc.testCases.Logintests">
        <test-method status="PASS" signature="beforeTest()[pri:0, instance:com.halodoc.testCases.Logintests@1f7030a6]" name="beforeTest" is-config="true" duration-ms="4362" started-at="2020-07-02T19:24:25 IST" finished-at="2020-07-02T19:24:30 IST">
          <reporter-output>
          </reporter-output>
        </test-method> <!-- beforeTest -->
        <test-method status="PASS" signature="verifyLogin()[pri:0, instance:com.halodoc.testCases.Logintests@1f7030a6]" name="verifyLogin" duration-ms="8" started-at="2020-07-02T19:24:30 IST" finished-at="2020-07-02T19:24:30 IST">
          <reporter-output>
          </reporter-output>
        </test-method> <!-- verifyLogin -->
        <test-method status="PASS" signature="afterTest()[pri:0, instance:com.halodoc.testCases.Logintests@1f7030a6]" name="afterTest" is-config="true" duration-ms="0" started-at="2020-07-02T19:24:30 IST" finished-at="2020-07-02T19:24:30 IST">
          <reporter-output>
          </reporter-output>
        </test-method> <!-- afterTest -->
      </class> <!-- com.halodoc.testCases.Logintests -->
    </test> <!-- Default test -->
  </suite> <!-- Default suite -->
</testng-results>
